proguard.cfg
-optimizations !code/simplification/arithmetic,!field/*,!class/merging/*
-allowaccessmodification
-dontpreverify
-optimizationpasses 5
-printusage unused.txt

-keep class android.support.v4.** { *; }   
    -dontwarn android.support.v4.**
    -dontwarn javax.activation.**
    -dontwarn javax.security.**
    -dontwarn java.awt.**
    -libraryjars <java.home>/lib/rt.jar
    -keep class javax.** {*;}
    -keep class com.sun.** {*;}
    -keep class myjava.** {*;}
    -keep class org.apache.harmony.** {*;}
    -keep public class Mail {*;}  