proguard/seeds.txt
com.ionicbyte.ibancalculator.Main
com.ionicbyte.ibancalculator.Main: Main()
...
android.support.v4.accessibilityservice.AccessibilityServiceInfoCompat
android.support.v4.accessibilityservice.AccessibilityServiceInfoCompat: android.support.v4.accessibilityservice.AccessibilityServiceInfoCompat$AccessibilityServiceInfoVersionImpl IMPL
android.support.v4.accessibilityservice.AccessibilityServiceInfoCompat: int CAPABILITY_CAN_RETRIEVE_WINDOW_CONTENT
android.support.v4.accessibilityservice.AccessibilityServiceInfoCompat: int CAPABILITY_CAN_REQUEST_TOUCH_EXPLORATION
android.support.v4.accessibilityservice.AccessibilityServiceInfoCompat: int CAPABILITY_CAN_REQUEST_ENHANCED_WEB_ACCESSIBILITY
android.support.v4.accessibilityservice.AccessibilityServiceInfoCompat: int CAPABILITY_CAN_FILTER_KEY_EVENTS
android.support.v4.accessibilityservice.AccessibilityServiceInfoCompat: int FEEDBACK_BRAILLE
android.support.v4.accessibilityservice.AccessibilityServiceInfoCompat: int FEEDBACK_ALL_MASK
android.support.v4.accessibilityservice.AccessibilityServiceInfoCompat: int DEFAULT
android.support.v4.accessibilityservice.AccessibilityServiceInfoCompat: int FLAG_INCLUDE_NOT_IMPORTANT_VIEWS
android.support.v4.accessibilityservice.AccessibilityServiceInfoCompat: int FLAG_REQUEST_TOUCH_EXPLORATION_MODE
android.support.v4.accessibilityservice.AccessibilityServiceInfoCompat: int FLAG_REQUEST_ENHANCED_WEB_ACCESSIBILITY
android.support.v4.accessibilityservice.AccessibilityServiceInfoCompat: int FLAG_REPORT_VIEW_IDS
android.support.v4.accessibilityservice.AccessibilityServiceInfoCompat$AccessibilityServiceInfoIcsImpl
android.support.v4.accessibilityservice.AccessibilityServiceInfoCompat$AccessibilityServiceInfoIcsImpl: AccessibilityServiceInfoCompat$AccessibilityServiceInfoIcsImpl()
android.support.v4.accessibilityservice.AccessibilityServiceInfoCompat$AccessibilityServiceInfoIcsImpl: boolean getCanRetrieveWindowContent(android.accessibilityservice.AccessibilityServiceInfo)
android.support.v4.accessibilityservice.AccessibilityServiceInfoCompat$AccessibilityServiceInfoIcsImpl: java.lang.String getDescription(android.accessibilityservice.AccessibilityServiceInfo)
android.support.v4.accessibilityservice.AccessibilityServiceInfoCompat$AccessibilityServiceInfoIcsImpl: java.lang.String getId(android.accessibilityservice.AccessibilityServiceInfo)
android.support.v4.accessibilityservice.AccessibilityServiceInfoCompat$AccessibilityServiceInfoIcsImpl: android.content.pm.ResolveInfo getResolveInfo(android.accessibilityservice.AccessibilityServiceInfo)
android.support.v4.accessibilityservice.AccessibilityServiceInfoCompat$AccessibilityServiceInfoIcsImpl: java.lang.String getSettingsActivityName(android.accessibilityservice.AccessibilityServiceInfo)
android.support.v4.accessibilityservice.AccessibilityServiceInfoCompat$AccessibilityServiceInfoIcsImpl: int getCapabilities(android.accessibilityservice.AccessibilityServiceInfo)
android.support.v4.accessibilityservice.AccessibilityServiceInfoCompat$AccessibilityServiceInfoJellyBeanMr2
android.support.v4.accessibilityservice.AccessibilityServiceInfoCompat$AccessibilityServiceInfoJellyBeanMr2: AccessibilityServiceInfoCompat$AccessibilityServiceInfoJellyBeanMr2()
android.support.v4.accessibilityservice.AccessibilityServiceInfoCompat$AccessibilityServiceInfoJellyBeanMr2: int getCapabilities(android.accessibilityservice.AccessibilityServiceInfo)