proguard/mapping.txt
com.ionicbyte.ibancalculator.Ccc -> com.ionicbyte.ibancalculator.a:
    boolean validateCCC(java.lang.String) -> a
    java.lang.String obtainDC(java.lang.String) -> b
com.ionicbyte.ibancalculator.Iban -> com.ionicbyte.ibancalculator.b:
    java.lang.String leftZero$7a1ba7c4(java.lang.String) -> a
    java.lang.String valueIBAN(char) -> a
com.ionicbyte.ibancalculator.Main -> com.ionicbyte.ibancalculator.Main:
    android.widget.EditText ibanInput -> b
    android.widget.TextView displayIban -> c
    android.widget.Button button1 -> d
    android.widget.Button buttonDelete -> e
    com.google.android.gms.ads.InterstitialAd interstitialAd -> j
    java.lang.String ccc -> f
    java.lang.String iban -> g
    int i -> h
    android.text.TextWatcher textChanged -> i
    void onCreate(android.os.Bundle) -> onCreate
    void onBackPressed() -> onBackPressed
    void copyClipboard(java.lang.String) -> a
com.ionicbyte.ibancalculator.Main$1 -> com.ionicbyte.ibancalculator.c:
    com.ionicbyte.ibancalculator.Main this$0 -> a
    void afterTextChanged(android.text.Editable) -> afterTextChanged
    void beforeTextChanged(java.lang.CharSequence,int,int,int) -> beforeTextChanged
    void onTextChanged(java.lang.CharSequence,int,int,int) -> onTextChanged
com.ionicbyte.ibancalculator.Main$2 -> com.ionicbyte.ibancalculator.d:
    com.ionicbyte.ibancalculator.Main this$0 -> a
    void onClick(android.view.View) -> onClick
com.ionicbyte.ibancalculator.Main$3 -> com.ionicbyte.ibancalculator.e:
    com.ionicbyte.ibancalculator.Main this$0 -> a
    void onClick(android.view.View) -> onClick
...
com.google.android.gms.internal.bw -> com.google.android.gms.c.aA:
    void onAdClicked() -> a
    void onAdClosed() -> b
    void onAdFailedToLoad(int) -> a
    void onAdLeftApplication() -> c
    void onAdOpened() -> d
    void onAdLoaded() -> e
com.google.android.gms.internal.bw$a -> com.google.android.gms.c.aB:
    com.google.android.gms.internal.bw k(android.os.IBinder) -> a
    android.os.IBinder asBinder() -> asBinder
    boolean onTransact(int,android.os.Parcel,android.os.Parcel,int) -> onTransact
com.google.android.gms.internal.bw$a$a -> com.google.android.gms.c.aC:
    android.os.IBinder ko -> a
    android.os.IBinder asBinder() -> asBinder
    void onAdClicked() -> a
    void onAdClosed() -> b
    void onAdFailedToLoad(int) -> a
    void onAdLeftApplication() -> c
    void onAdOpened() -> d
    void onAdLoaded() -> e
com.google.android.gms.internal.bx -> com.google.android.gms.c.aD:
    java.util.Date d -> a
    int mj -> b
    java.util.Set f -> c
    boolean g -> d
    int nP -> e
    java.util.Date getBirthday() -> a
    int getGender() -> b
    java.util.Set getKeywords() -> c
    boolean isTesting() -> d
com.google.android.gms.internal.by -> com.google.android.gms.c.aE:
    com.google.android.gms.ads.mediation.MediationAdapter nQ -> a
    com.google.android.gms.dynamic.d getView() -> a
    void a(com.google.android.gms.dynamic.d,com.google.android.gms.internal.am,com.google.android.gms.internal.aj,java.lang.String,com.google.android.gms.internal.bw) -> a
    void a(com.google.android.gms.dynamic.d,com.google.android.gms.internal.am,com.google.android.gms.internal.aj,java.lang.String,java.lang.String,com.google.android.gms.internal.bw) -> a
    void a(com.google.android.gms.dynamic.d,com.google.android.gms.internal.aj,java.lang.String,com.google.android.gms.internal.bw) -> a
    void a(com.google.android.gms.dynamic.d,com.google.android.gms.internal.aj,java.lang.String,java.lang.String,com.google.android.gms.internal.bw) -> a
    void showInterstitial() -> b
    void destroy() -> c
    void pause() -> d
    void resume() -> e
    android.os.Bundle a(java.lang.String,int,java.lang.String) -> a
com.google.android.gms.internal.bz -> com.google.android.gms.c.aF:
    com.google.android.gms.internal.bw nR -> a
    void onAdClicked$5d701161() -> e
    void onAdClosed$5d701161() -> c
    void onAdFailedToLoad$50928dc2(int) -> a
    void onAdLeftApplication$5d701161() -> d
    void onAdOpened$5d701161() -> b
    void onAdLoaded$5d701161() -> a
    void onAdClosed$8bf39f() -> h
    void onAdFailedToLoad$10f20d3e(int) -> b
    void onAdLeftApplication$8bf39f() -> i
    void onAdOpened$8bf39f() -> g
    void onAdLoaded$8bf39f() -> f
com.google.android.gms.internal.ca -> com.google.android.gms.c.aG:
    com.google.ads.mediation.MediationAdapter nS -> a
    com.google.ads.mediation.NetworkExtras nT -> b
    com.google.android.gms.dynamic.d getView() -> a
    void a(com.google.android.gms.dynamic.d,com.google.android.gms.internal.am,com.google.android.gms.internal.aj,java.lang.String,com.google.android.gms.internal.bw) -> a
    void a(com.google.android.gms.dynamic.d,com.google.android.gms.internal.am,com.google.android.gms.internal.aj,java.lang.String,java.lang.String,com.google.android.gms.internal.bw) -> a
    void a(com.google.android.gms.dynamic.d,com.google.android.gms.internal.aj,java.lang.String,com.google.android.gms.internal.bw) -> a
    void a(com.google.android.gms.dynamic.d,com.google.android.gms.internal.aj,java.lang.String,java.lang.String,com.google.android.gms.internal.bw) -> a
    void showInterstitial() -> b
    void destroy() -> c
    void pause() -> d
    void resume() -> e
    com.google.ads.mediation.MediationServerParameters b$3285dd0(java.lang.String) -> a
com.google.android.gms.internal.cb -> com.google.android.gms.c.aH:
    com.google.android.gms.internal.bw nR -> a