proguard/usage.txt
com.ionicbyte.ibancalculator.BuildConfig
com.ionicbyte.ibancalculator.Ccc:
    3:3:public Ccc()
com.ionicbyte.ibancalculator.Iban:
    5:5:public Iban()
com.ionicbyte.ibancalculator.R
com.ionicbyte.ibancalculator.R$anim
com.ionicbyte.ibancalculator.R$attr
com.ionicbyte.ibancalculator.R$bool
com.ionicbyte.ibancalculator.R$color
com.ionicbyte.ibancalculator.R$dimen
com.ionicbyte.ibancalculator.R$drawable
com.ionicbyte.ibancalculator.R$id
com.ionicbyte.ibancalculator.R$integer
com.ionicbyte.ibancalculator.R$layout
com.ionicbyte.ibancalculator.R$string
com.ionicbyte.ibancalculator.R$style
com.ionicbyte.ibancalculator.R$styleable
...
com.google.android.gms.internal.dj
com.google.android.gms.internal.dj$a
com.google.android.gms.internal.dk:
    public boolean isVerified()
    public java.lang.String getProductId()
    public android.content.Intent getPurchaseData()
    public int getResultCode()
    public void finishPurchase()
com.google.android.gms.internal.dl:
    public java.lang.String getProductId()
    public void recordResolution(int)
    public void recordPlayBillingResolution(int)
com.google.android.gms.internal.fe
com.google.android.gms.internal.fe$1
com.google.android.gms.internal.ff
com.google.android.gms.internal.ff$a
com.google.android.gms.internal.ff$a$a
com.google.android.gms.internal.fg
com.google.android.gms.internal.fg$1
com.google.android.gms.internal.fh
com.google.android.gms.internal.fi
com.google.android.gms.internal.fj
com.google.android.gms.internal.fk
com.google.android.gms.internal.fl
com.google.android.gms.internal.fm
com.google.android.gms.internal.fn
com.google.android.gms.internal.fo
com.google.android.gms.internal.fp
com.google.android.gms.internal.fq
com.google.android.gms.internal.fq$a
com.google.android.gms.internal.fr
com.google.android.gms.internal.fs
com.google.android.gms.internal.ft
com.google.android.gms.internal.fu
com.google.android.gms.internal.fu$a
com.google.android.gms.internal.fv
com.google.android.gms.internal.fv$a
com.google.android.gms.internal.fv$a$a
com.google.android.gms.internal.fw
com.google.android.gms.internal.fw$a
com.google.android.gms.internal.fw$a$a
com.google.android.gms.internal.fx
com.google.android.gms.internal.fy
com.google.android.gms.internal.fz
com.google.android.gms.internal.fz$1
com.google.android.gms.internal.fz$1$1
com.google.android.gms.internal.fz$2
com.google.android.gms.internal.fz$a
com.google.android.gms.internal.fz$b
com.google.android.gms.internal.fz$c
com.google.android.gms.internal.fz$d
com.google.android.gms.internal.fz$e
com.google.android.gms.internal.ga
com.google.android.gms.internal.gb
com.google.android.gms.internal.gb$a
com.google.android.gms.internal.gb$b
com.google.android.gms.internal.gb$c
com.google.android.gms.internal.gb$d
com.google.android.gms.internal.gb$e
com.google.android.gms.internal.gb$f
com.google.android.gms.internal.gb$g
com.google.android.gms.internal.gc
com.google.android.gms.internal.gc$a
com.google.android.gms.internal.gc$a$a
com.google.android.gms.internal.gd
com.google.android.gms.internal.gd$a
com.google.android.gms.internal.gd$a$a
com.google.android.gms.internal.ge
com.google.android.gms.internal.gf
com.google.android.gms.internal.gg
com.google.android.gms.internal.gh
com.google.android.gms.internal.gi
com.google.android.gms.internal.gi$1
com.google.android.gms.internal.gi$1$1
com.google.android.gms.internal.gi$1$2
com.google.android.gms.internal.gi$1$3
com.google.android.gms.internal.gi$1$4
com.google.android.gms.internal.gi$a
com.google.android.gms.internal.gi$b
com.google.android.gms.internal.gj
com.google.android.gms.internal.gk
com.google.android.gms.internal.gl
com.google.android.gms.internal.gm
com.google.android.gms.internal.gm$a
com.google.android.gms.internal.gm$a$a
com.google.android.gms.internal.gn
com.google.android.gms.internal.gn$a
com.google.android.gms.internal.go
com.google.android.gms.internal.gp
com.google.android.gms.internal.gp$1
com.google.android.gms.internal.gp$a
com.google.android.gms.internal.gq
com.google.android.gms.internal.gr
com.google.android.gms.internal.gs
com.google.android.gms.internal.gt
com.google.android.gms.internal.gu
com.google.android.gms.internal.gu$1
com.google.android.gms.internal.gu$a
com.google.android.gms.internal.gu$a$a
com.google.android.gms.internal.gu$b
com.google.android.gms.internal.gv
com.google.android.gms.internal.gw
com.google.android.gms.internal.gw$a
com.google.android.gms.internal.gx
com.google.android.gms.internal.gx$a
com.google.android.gms.internal.gy
com.google.android.gms.internal.gz
com.google.android.gms.internal.gz$a
com.google.android.gms.internal.ha